** Drc report for C:\Users\John\Documents\Products\Travis\EV_DAQ_Unit\EV_DAQ_Unit.kicad_pcb **
** Created on  **

** Found 20 DRC errors **
ErrType(19): Pad near pad
    @ (4.1055 in,1.7000 in): Pad on F.Cu, B.Cu, Internal, Non-copper of P7
    @ (4.2000 in,1.7000 in): Pad 1 on F.Cu, B.Cu, Internal, Non-copper of P7
ErrType(19): Pad near pad
    @ (4.1055 in,3.3055 in): Pad on F.Cu, B.Cu, Internal, Non-copper of P8
    @ (4.2000 in,3.3055 in): Pad 1 on F.Cu, B.Cu, Internal, Non-copper of P8
ErrType(19): Pad near pad
    @ (4.1332 in,1.6332 in): Pad on F.Cu, B.Cu, Internal, Non-copper of P7
    @ (4.2000 in,1.7000 in): Pad 1 on F.Cu, B.Cu, Internal, Non-copper of P7
ErrType(19): Pad near pad
    @ (4.1332 in,1.7668 in): Pad on F.Cu, B.Cu, Internal, Non-copper of P7
    @ (4.2000 in,1.7000 in): Pad 1 on F.Cu, B.Cu, Internal, Non-copper of P7
ErrType(19): Pad near pad
    @ (4.1332 in,3.2387 in): Pad on F.Cu, B.Cu, Internal, Non-copper of P8
    @ (4.2000 in,3.3055 in): Pad 1 on F.Cu, B.Cu, Internal, Non-copper of P8
ErrType(19): Pad near pad
    @ (4.1332 in,3.3723 in): Pad on F.Cu, B.Cu, Internal, Non-copper of P8
    @ (4.2000 in,3.3055 in): Pad 1 on F.Cu, B.Cu, Internal, Non-copper of P8
ErrType(19): Pad near pad
    @ (4.2000 in,1.6055 in): Pad on F.Cu, B.Cu, Internal, Non-copper of P7
    @ (4.2000 in,1.7000 in): Pad 1 on F.Cu, B.Cu, Internal, Non-copper of P7
ErrType(19): Pad near pad
    @ (4.2000 in,1.7000 in): Pad 1 on F.Cu, B.Cu, Internal, Non-copper of P7
    @ (4.2000 in,1.7945 in): Pad on F.Cu, B.Cu, Internal, Non-copper of P7
ErrType(19): Pad near pad
    @ (4.2000 in,3.2110 in): Pad on F.Cu, B.Cu, Internal, Non-copper of P8
    @ (4.2000 in,3.3055 in): Pad 1 on F.Cu, B.Cu, Internal, Non-copper of P8
ErrType(19): Pad near pad
    @ (4.2000 in,3.3055 in): Pad 1 on F.Cu, B.Cu, Internal, Non-copper of P8
    @ (4.2000 in,3.4000 in): Pad on F.Cu, B.Cu, Internal, Non-copper of P8
ErrType(19): Pad near pad
    @ (7.7055 in,1.7000 in): Pad on F.Cu, B.Cu, Internal, Non-copper of P10
    @ (7.8000 in,1.7000 in): Pad 1 on F.Cu, B.Cu, Internal, Non-copper of P10
ErrType(19): Pad near pad
    @ (7.7110 in,3.3000 in): Pad on F.Cu, B.Cu, Internal, Non-copper of P9
    @ (7.8055 in,3.3000 in): Pad 1 on F.Cu, B.Cu, Internal, Non-copper of P9
ErrType(19): Pad near pad
    @ (7.7332 in,1.6332 in): Pad on F.Cu, B.Cu, Internal, Non-copper of P10
    @ (7.8000 in,1.7000 in): Pad 1 on F.Cu, B.Cu, Internal, Non-copper of P10
ErrType(19): Pad near pad
    @ (7.7332 in,1.7668 in): Pad on F.Cu, B.Cu, Internal, Non-copper of P10
    @ (7.8000 in,1.7000 in): Pad 1 on F.Cu, B.Cu, Internal, Non-copper of P10
ErrType(19): Pad near pad
    @ (7.7387 in,3.2332 in): Pad on F.Cu, B.Cu, Internal, Non-copper of P9
    @ (7.8055 in,3.3000 in): Pad 1 on F.Cu, B.Cu, Internal, Non-copper of P9
ErrType(19): Pad near pad
    @ (7.7387 in,3.3668 in): Pad on F.Cu, B.Cu, Internal, Non-copper of P9
    @ (7.8055 in,3.3000 in): Pad 1 on F.Cu, B.Cu, Internal, Non-copper of P9
ErrType(19): Pad near pad
    @ (7.8000 in,1.6055 in): Pad on F.Cu, B.Cu, Internal, Non-copper of P10
    @ (7.8000 in,1.7000 in): Pad 1 on F.Cu, B.Cu, Internal, Non-copper of P10
ErrType(19): Pad near pad
    @ (7.8000 in,1.7000 in): Pad 1 on F.Cu, B.Cu, Internal, Non-copper of P10
    @ (7.8000 in,1.7945 in): Pad on F.Cu, B.Cu, Internal, Non-copper of P10
ErrType(19): Pad near pad
    @ (7.8055 in,3.2055 in): Pad on F.Cu, B.Cu, Internal, Non-copper of P9
    @ (7.8055 in,3.3000 in): Pad 1 on F.Cu, B.Cu, Internal, Non-copper of P9
ErrType(19): Pad near pad
    @ (7.8055 in,3.3000 in): Pad 1 on F.Cu, B.Cu, Internal, Non-copper of P9
    @ (7.8055 in,3.3945 in): Pad on F.Cu, B.Cu, Internal, Non-copper of P9

** Found 2 unconnected pads **
ErrType(2): Unconnected pads
    @ (5.7524 in,2.0050 in): Pad 2 on B.Cu, Non-copper of C8 net GNDD
    @ (5.7450 in,2.2174 in): Pad 2 on B.Cu, Non-copper of C23
ErrType(2): Unconnected pads
    @ (7.0950 in,1.9100 in): Pad 5 on F.Cu, B.Cu, Internal, Non-copper of P4 net USB_SHIELD
    @ (7.5674 in,1.9100 in): Pad 5 on F.Cu, B.Cu, Internal, Non-copper of P4

** End of Report **
